<?xml version="1.0" encoding="UTF-8"?>
<testsuite xmlns:xsi="http://www.w3.org/2001/XMLSchema-instance" xsi:noNamespaceSchemaLocation="https://maven.apache.org/surefire/maven-surefire-plugin/xsd/surefire-test-report.xsd" version="3.0.2" name="TestSuite" time="10.598" tests="6" errors="0" skipped="0" failures="0">
  <properties>
[...]
</properties>
  <testcase name="check_palindrome" classname="org.example.dsa.dsacheck" time="0.004">
    <system-out><![CDATA[[TestNGContentHandler] [WARN] It is strongly recommended to add "<!DOCTYPE suite SYSTEM "http://testng.org/testng-1.0.dtd" >" at the top of your file, otherwise TestNG may fail or not work as expected.
 not palindrome
]]></system-out>
  </testcase>
  <testcase name="count_characters" classname="org.example.dsa.dsacheck" time="0.009">
    <system-out><![CDATA[{a=2, b=1, s=1, d=2, f=3, v=1, g=1, h=2, i=1, k=6, l=2}
]]></system-out>
  </testcase>
  <testcase name="removeduplicate" classname="org.example.dsa.dsacheck" time="0.01">
    <system-out><![CDATA[igbvs
]]></system-out>
  </testcase>
  <testcase name="reverse_a_string" classname="org.example.dsa.dsacheck" time="0.004">
    <system-out><![CDATA[yad ysiad
]]></system-out>
  </testcase>
  <testcase name="m1" classname="org.example.AppTest" time="3.327">
    <system-err><![CDATA[SLF4J(W): No SLF4J providers were found.
SLF4J(W): Defaulting to no-operation (NOP) logger implementation
SLF4J(W): See https://www.slf4j.org/codes.html#noProviders for further details.
Starting ChromeDriver 145.0.7632.117 (de4e5d6e13b995f5e04137970c0e8ec456017467-refs/branch-heads/7632@{#3101}) on port 47628
Only local connections are allowed.
Please see https://chromedriver.chromium.org/security-considerations for suggestions on keeping ChromeDriver safe.
ChromeDriver was started successfully on port 47628.
Feb 26, 2026 5:11:13 PM org.openqa.selenium.devtools.CdpVersionFinder findNearestMatch
WARNING: Unable to find CDP implementation matching 145
Feb 26, 2026 5:11:13 PM org.openqa.selenium.chromium.ChromiumDriver lambda$new$3
WARNING: Unable to find version of CDP to use for . You may need to include a dependency on a specific version of the CDP using something similar to `org.seleniumhq.selenium:selenium-devtools-v86:4.9.0` where the version ("v86") matches the version of the chromium-based browser you're using and the version number of the artifact is the same as Selenium's.
]]></system-err>
  </testcase>
  <testcase name="m2" classname="org.example.RestTest" time="0.01">
    <system-out><![CDATA[2
9
-4
2
1
0
0
0
]]></system-out>
  </testcase>
</testsuite>