<?xml version="1.0" encoding="UTF-8"?>
<!-- Generated by org.testng.reporters.JUnitXMLReporter -->
<testsuite ignored="0" hostname="WKWZTB3noIqqNA5" failures="0" tests="4" name="dsacheck" time="0.056" errors="0" timestamp="26 Feb 2026 11:41:08 GMT">
  <testcase classname="org.example.dsa.dsacheck" name="check_palindrome" time="0.007"/>
  <testcase classname="org.example.dsa.dsacheck" name="count_characters" time="0.001"/>
  <testcase classname="org.example.dsa.dsacheck" name="removeduplicate" time="0.016"/>
  <testcase classname="org.example.dsa.dsacheck" name="reverse_a_string" time="0.001"/>
</testsuite> <!-- dsacheck -->
