<?xml version="1.0" encoding="UTF-8"?>
<!-- Generated by org.testng.reporters.JUnitXMLReporter -->
<testsuite ignored="1" hostname="WKWZTB3noIqqNA5" failures="0" tests="2" name="Test1" time="9.74" errors="0" timestamp="26 Feb 2026 11:41:17 GMT">
  <testcase classname="org.example.AppTest" name="m1" time="3.328"/>
  <testcase classname="org.example.RestTest" name="m2" time="0.001"/>
  <testcase classname="org.example.RestTest" name="m1" time="0.0">
    <ignored/>
  </testcase> <!-- m1 -->
</testsuite> <!-- Test1 -->
