<?xml version="1.0" encoding="UTF-8"?>
<!-- Generated by org.testng.reporters.JUnitReportReporter -->
<testsuite ignored="1" hostname="WKWZTB3noIqqNA5" failures="0" tests="4" name="org.example.dsa.dsacheck" time="0.025" errors="0" timestamp="26 Feb 2026 11:41:18 GMT" skipped="0">
  <testcase classname="org.example.dsa.dsacheck" name="reverse_a_string" time="0.001"/>
  <testcase classname="org.example.dsa.dsacheck" name="count_characters" time="0.001"/>
  <testcase classname="org.example.dsa.dsacheck" name="removeduplicate" time="0.016"/>
  <testcase classname="org.example.dsa.dsacheck" name="check_palindrome" time="0.007"/>
  <testcase classname="org.example.RestTest" name="m1">
    <skipped/>
  </testcase> <!-- m1 -->
</testsuite> <!-- org.example.dsa.dsacheck -->
